2020-04-28 14:04:596 INFO  Homepage :33 - Clicking on practice link[[ChromeDriver: chrome on WINDOWS (cf2729eb76b0c496ca3a37a7ab0f49d3)] -> xpath: //a[@class='fedora-navbar-link navbar-link']]
2020-04-28 14:04:569 INFO  Homepage :33 - Clicking on practice link[[ChromeDriver: chrome on WINDOWS (24c95f867fe444dd885b22342e88c6f7)] -> xpath: //a[@class='fedora-navbar-link navbar-link']]
2020-04-28 14:04:335 INFO  Homepage :33 - Clicking on practice link[[ChromeDriver: chrome on WINDOWS (c9613a4bfea36988bbf9a89f483531b4)] -> xpath: //a[@class='fedora-navbar-link navbar-link']]
2020-04-28 14:04:630 INFO  PracticePage :51 - Clicking on HDD radio button[[ChromeDriver: chrome on WINDOWS (c9613a4bfea36988bbf9a89f483531b4)] -> id: hondaradio]
2020-04-28 14:04:550 INFO  PracticePage :57 - Selecting car and clicking[[ChromeDriver: chrome on WINDOWS (c9613a4bfea36988bbf9a89f483531b4)] -> xpath: //select[@id='carselect']]
2020-04-28 14:04:848 INFO  PracticePage :62 - Select option Peach[[ChromeDriver: chrome on WINDOWS (c9613a4bfea36988bbf9a89f483531b4)] -> xpath: //option[contains(text(),'Peach')]]
2020-04-28 14:04:27 INFO  PracticePage :67 - Selecting Honda checkbox[[ChromeDriver: chrome on WINDOWS (c9613a4bfea36988bbf9a89f483531b4)] -> id: hondacheck]
2020-04-28 14:04:100 INFO  Homepage :33 - Clicking on practice link[[ChromeDriver: chrome on WINDOWS (188b08bf432cd9bc4468aaaa1a5a0bc8)] -> xpath: //a[@class='fedora-navbar-link navbar-link']]
2020-04-28 14:04:556 INFO  Homepage :33 - Clicking on practice link[[ChromeDriver: chrome on WINDOWS (36df4b1c9d86df3268e32546d39ad145)] -> xpath: //a[@class='fedora-navbar-link navbar-link']]
2020-04-28 14:04:384 INFO  PracticePage :51 - Clicking on HDD radio button[[ChromeDriver: chrome on WINDOWS (36df4b1c9d86df3268e32546d39ad145)] -> id: hondaradio]
2020-04-28 14:04:974 INFO  PracticePage :57 - Selecting car and clicking[[ChromeDriver: chrome on WINDOWS (36df4b1c9d86df3268e32546d39ad145)] -> xpath: //select[@id='carselect']]
2020-04-28 14:04:12 INFO  PracticePage :62 - Select option Peach[[ChromeDriver: chrome on WINDOWS (36df4b1c9d86df3268e32546d39ad145)] -> xpath: //option[contains(text(),'Peach')]]
2020-04-28 14:04:217 INFO  PracticePage :67 - Selecting Honda checkbox[[ChromeDriver: chrome on WINDOWS (36df4b1c9d86df3268e32546d39ad145)] -> id: hondacheck]
2020-04-28 14:04:289 INFO  Homepage :43 - Clicking on sign up button[[ChromeDriver: chrome on WINDOWS (c052e5c5f0c57e1fab73b8e4c24bebe6)] -> id: header-sign-up-btn]
2020-04-28 14:04:170 INFO  SignUpPage :50 - Entering Full NamePratiksha Patelin full name field[[ChromeDriver: chrome on WINDOWS (c052e5c5f0c57e1fab73b8e4c24bebe6)] -> id: user_name]
2020-04-28 14:04:730 INFO  SignUpPage :55 - Entering Emial addresspratiksha_03@yahoo.comin email address test field[[ChromeDriver: chrome on WINDOWS (c052e5c5f0c57e1fab73b8e4c24bebe6)] -> id: user_email]
2020-04-28 14:04:951 INFO  SignUpPage :60 - Entering Password2810omin password field[[ChromeDriver: chrome on WINDOWS (c052e5c5f0c57e1fab73b8e4c24bebe6)] -> id: user_password]
2020-04-28 14:04:181 INFO  SignUpPage :65 - Entering Confirm Password2810om in confirm password field[[ChromeDriver: chrome on WINDOWS (c052e5c5f0c57e1fab73b8e4c24bebe6)] -> id: user_password_confirmation]
2020-04-28 19:04:906 INFO  Homepage :33 - Clicking on practice link[[ChromeDriver: chrome on WINDOWS (da07724ec0318ea1b41ed069689c2447)] -> xpath: //a[@class='fedora-navbar-link navbar-link']]
2020-04-28 19:04:266 INFO  Homepage :33 - Clicking on practice link[[ChromeDriver: chrome on WINDOWS (15aefcc02363a8a35c89a82cd5fcd156)] -> xpath: //a[@class='fedora-navbar-link navbar-link']]
2020-04-28 19:04:880 INFO  PracticePage :51 - Clicking on HDD radio button[[ChromeDriver: chrome on WINDOWS (15aefcc02363a8a35c89a82cd5fcd156)] -> id: hondaradio]
2020-04-28 19:04:795 INFO  PracticePage :57 - Selecting car and clicking[[ChromeDriver: chrome on WINDOWS (15aefcc02363a8a35c89a82cd5fcd156)] -> xpath: //select[@id='carselect']]
2020-04-28 19:04:134 INFO  PracticePage :62 - Select option Peach[[ChromeDriver: chrome on WINDOWS (15aefcc02363a8a35c89a82cd5fcd156)] -> xpath: //option[contains(text(),'Peach')]]
2020-04-28 19:04:422 INFO  PracticePage :67 - Selecting Honda checkbox[[ChromeDriver: chrome on WINDOWS (15aefcc02363a8a35c89a82cd5fcd156)] -> id: hondacheck]
2020-04-28 19:04:758 INFO  Homepage :43 - Clicking on sign up button[[ChromeDriver: chrome on WINDOWS (bf048ddd33c965d4b5ae94853681e73a)] -> id: header-sign-up-btn]
2020-04-28 19:04:159 INFO  SignUpPage :50 - Entering Full NamePratiksha Patelin full name field[[ChromeDriver: chrome on WINDOWS (bf048ddd33c965d4b5ae94853681e73a)] -> id: user_name]
2020-04-28 19:04:25 INFO  SignUpPage :55 - Entering Emial addresspratiksha_03@yahoo.comin email address test field[[ChromeDriver: chrome on WINDOWS (bf048ddd33c965d4b5ae94853681e73a)] -> id: user_email]
2020-04-28 19:04:391 INFO  SignUpPage :60 - Entering Password2810omin password field[[ChromeDriver: chrome on WINDOWS (bf048ddd33c965d4b5ae94853681e73a)] -> id: user_password]
2020-04-28 19:04:792 INFO  SignUpPage :65 - Entering Confirm Password2810om in confirm password field[[ChromeDriver: chrome on WINDOWS (bf048ddd33c965d4b5ae94853681e73a)] -> id: user_password_confirmation]
