2020-04-29 17:04:743 INFO  HomePage :27 - Clicking on bank manager login button[[ChromeDriver: chrome on WINDOWS (391d32d281360c5586e127dc65b86ff4)] -> xpath: //button[contains(text(),'Bank Manager Login')]]
2020-04-29 17:04:51 INFO  BankManagerLoginPage :32 - Clicking on add customer btn[[ChromeDriver: chrome on WINDOWS (391d32d281360c5586e127dc65b86ff4)] -> xpath: //button[contains(text(),'Add Customer')]]
2020-04-29 17:04:662 INFO  AddCustomerPage :34 - Entering FirstName : Snehalto firstname field :[[ChromeDriver: chrome on WINDOWS (391d32d281360c5586e127dc65b86ff4)] -> xpath: //input[@placeholder='First Name']]
2020-04-29 17:04:923 INFO  AddCustomerPage :40 - Entering LastName :Patelto lastname field :[[ChromeDriver: chrome on WINDOWS (391d32d281360c5586e127dc65b86ff4)] -> xpath: //input[@placeholder='Last Name']]
2020-04-29 17:04:229 INFO  AddCustomerPage :45 - Entering Postcode :HA2 3JZin postcode field :[[ChromeDriver: chrome on WINDOWS (391d32d281360c5586e127dc65b86ff4)] -> xpath: //input[@placeholder='Post Code']]
2020-04-29 17:04:486 INFO  HomePage :38 - Clicking On BankManager Login :[[ChromeDriver: chrome on WINDOWS (6c5f7ed815e13ed3424ae8a34d4a59a9)] -> xpath: //button[contains(text(),'Bank Manager Login')]]
2020-04-29 17:04:981 INFO  BankManagerLoginPage :33 - Clicking On Add Customer Tab :[[ChromeDriver: chrome on WINDOWS (6c5f7ed815e13ed3424ae8a34d4a59a9)] -> xpath: //button[contains(text(),'Add Customer')]]
2020-04-29 17:04:960 INFO  AddCustomerPage :34 - Entering FirstName : Ronyto firstname field :[[ChromeDriver: chrome on WINDOWS (6c5f7ed815e13ed3424ae8a34d4a59a9)] -> xpath: //input[@placeholder='First Name']]
2020-04-29 17:04:118 INFO  AddCustomerPage :40 - Entering LastName :Royto lastname field :[[ChromeDriver: chrome on WINDOWS (6c5f7ed815e13ed3424ae8a34d4a59a9)] -> xpath: //input[@placeholder='Last Name']]
2020-04-29 17:04:345 INFO  AddCustomerPage :45 - Entering Postcode :HA2 6JTin postcode field :[[ChromeDriver: chrome on WINDOWS (6c5f7ed815e13ed3424ae8a34d4a59a9)] -> xpath: //input[@placeholder='Post Code']]
2020-04-29 18:04:546 INFO  HomePage :31 - Clicking On Customer Login :[[ChromeDriver: chrome on WINDOWS (fe8e1f4528d8672b352b7ead4757a3e6)] -> xpath: //button[contains(text(),'Customer Login')]]
2020-04-29 18:04:181 INFO  CustomerLoginPage :40 - Selecting Customer Name From DropDown :Rony Royin dropdown field[[ChromeDriver: chrome on WINDOWS (fe8e1f4528d8672b352b7ead4757a3e6)] -> xpath: //select[@id='userSelect']]
2020-04-29 18:04:293 INFO  HomePage :31 - Clicking On Customer Login :[[ChromeDriver: chrome on WINDOWS (e27d22705b199d110473f3834a0dccd6)] -> xpath: //button[contains(text(),'Customer Login')]]
2020-04-29 18:04:689 INFO  CustomerLoginPage :40 - Selecting Customer Name From DropDown :Rony Royin dropdown field[[ChromeDriver: chrome on WINDOWS (e27d22705b199d110473f3834a0dccd6)] -> xpath: //select[@id='userSelect']]
2020-04-29 18:04:927 INFO  HomePage :38 - Clicking On BankManager Login :[[ChromeDriver: chrome on WINDOWS (daef56e2de9189a4cbf955f8ce0950d5)] -> xpath: //button[contains(text(),'Bank Manager Login')]]
2020-04-29 18:04:215 INFO  BankManagerLoginPage :33 - Clicking On Add Customer Tab :[[ChromeDriver: chrome on WINDOWS (daef56e2de9189a4cbf955f8ce0950d5)] -> xpath: //button[contains(text(),'Add Customer')]]
2020-04-29 18:04:862 INFO  AddCustomerPage :34 - Entering FirstName : Ronyto firstname field :[[ChromeDriver: chrome on WINDOWS (daef56e2de9189a4cbf955f8ce0950d5)] -> xpath: //input[@placeholder='First Name']]
2020-04-29 18:04:141 INFO  AddCustomerPage :40 - Entering LastName :Royto lastname field :[[ChromeDriver: chrome on WINDOWS (daef56e2de9189a4cbf955f8ce0950d5)] -> xpath: //input[@placeholder='Last Name']]
2020-04-29 18:04:321 INFO  AddCustomerPage :45 - Entering Postcode :HA2 6JTin postcode field :[[ChromeDriver: chrome on WINDOWS (daef56e2de9189a4cbf955f8ce0950d5)] -> xpath: //input[@placeholder='Post Code']]
2020-04-29 18:04:127 INFO  HomePage :38 - Clicking On BankManager Login :[[ChromeDriver: chrome on WINDOWS (d82b2d921e955e19a40aff032cd68ee3)] -> xpath: //button[contains(text(),'Bank Manager Login')]]
2020-04-29 18:04:575 INFO  BankManagerLoginPage :44 - Clicking On Customer Tab :[[ChromeDriver: chrome on WINDOWS (d82b2d921e955e19a40aff032cd68ee3)] -> xpath: //button[contains(text(),'Customers')]]
2020-04-29 18:04:87 INFO  CustomersPage :29 - Searching customer name: Rony Royto search customer field :[[ChromeDriver: chrome on WINDOWS (d82b2d921e955e19a40aff032cd68ee3)] -> xpath: //input[@placeholder='Search Customer']]
2020-04-29 18:04:880 INFO  HomePage :31 - Clicking On Customer Login :[[ChromeDriver: chrome on WINDOWS (e8ce94644c622759707ae770afc54923)] -> xpath: //button[contains(text(),'Customer Login')]]
2020-04-29 18:04:650 INFO  CustomerLoginPage :40 - Selecting Customer Name From DropDown :Rony Royin dropdown field[[ChromeDriver: chrome on WINDOWS (e8ce94644c622759707ae770afc54923)] -> xpath: //select[@id='userSelect']]
2020-04-29 18:04:501 INFO  HomePage :31 - Clicking On Customer Login :[[ChromeDriver: chrome on WINDOWS (201ce4850c1f1c091fe5d9780cf4cb4a)] -> xpath: //button[contains(text(),'Customer Login')]]
2020-04-29 18:04:912 INFO  CustomerLoginPage :40 - Selecting Customer Name From DropDown :Rony Royin dropdown field[[ChromeDriver: chrome on WINDOWS (201ce4850c1f1c091fe5d9780cf4cb4a)] -> xpath: //select[@id='userSelect']]
2020-04-29 18:04:593 INFO  HomePage :38 - Clicking On BankManager Login :Proxy element for: DefaultElementLocator 'By.xpath: //button[contains(text(),'Bank Manager Login')]'
2020-04-29 18:04:789 INFO  BankManagerLoginPage :33 - Clicking On Add Customer Tab :[[ChromeDriver: chrome on WINDOWS (cb6a0ebfa0d69303c2ccb36ceae74fcc)] -> xpath: //button[contains(text(),'Add Customer')]]
2020-04-29 18:04:425 INFO  AddCustomerPage :34 - Entering FirstName : Ronyto firstname field :[[ChromeDriver: chrome on WINDOWS (cb6a0ebfa0d69303c2ccb36ceae74fcc)] -> xpath: //input[@placeholder='First Name']]
2020-04-29 18:04:609 INFO  AddCustomerPage :40 - Entering LastName :Royto lastname field :[[ChromeDriver: chrome on WINDOWS (cb6a0ebfa0d69303c2ccb36ceae74fcc)] -> xpath: //input[@placeholder='Last Name']]
2020-04-29 18:04:838 INFO  AddCustomerPage :45 - Entering Postcode :HA2 6JTin postcode field :[[ChromeDriver: chrome on WINDOWS (cb6a0ebfa0d69303c2ccb36ceae74fcc)] -> xpath: //input[@placeholder='Post Code']]
2020-04-29 18:04:93 INFO  HomePage :38 - Clicking On BankManager Login :[[ChromeDriver: chrome on WINDOWS (cd5844f20e10514fcdee531472543117)] -> xpath: //button[contains(text(),'Bank Manager Login')]]
2020-04-29 18:04:16 INFO  BankManagerLoginPage :44 - Clicking On Customer Tab :[[ChromeDriver: chrome on WINDOWS (cd5844f20e10514fcdee531472543117)] -> xpath: //button[contains(text(),'Customers')]]
2020-04-29 18:04:509 INFO  CustomersPage :29 - Searching customer name: Rony Royto search customer field :[[ChromeDriver: chrome on WINDOWS (cd5844f20e10514fcdee531472543117)] -> xpath: //input[@placeholder='Search Customer']]
2020-04-29 18:04:807 INFO  HomePage :31 - Clicking On Customer Login :[[ChromeDriver: chrome on WINDOWS (6f7f26f7c238566bfc2cb520f4267c90)] -> xpath: //button[contains(text(),'Customer Login')]]
2020-04-29 18:04:249 INFO  CustomerLoginPage :40 - Selecting Customer Name From DropDown :Rony Royin dropdown field[[ChromeDriver: chrome on WINDOWS (6f7f26f7c238566bfc2cb520f4267c90)] -> xpath: //select[@id='userSelect']]
2020-04-29 18:04:284 INFO  HomePage :31 - Clicking On Customer Login :[[ChromeDriver: chrome on WINDOWS (525ec980906770d8639d1885a25bb6f9)] -> xpath: //button[contains(text(),'Customer Login')]]
2020-04-29 18:04:787 INFO  CustomerLoginPage :40 - Selecting Customer Name From DropDown :Rony Royin dropdown field[[ChromeDriver: chrome on WINDOWS (525ec980906770d8639d1885a25bb6f9)] -> xpath: //select[@id='userSelect']]
2020-04-29 18:04:851 INFO  HomePage :36 - Clicking On BankManager Login :[[ChromeDriver: chrome on WINDOWS (b23d986bffacc88aead8780b86efc8a7)] -> xpath: //button[contains(text(),'Bank Manager Login')]]
2020-04-29 18:04:203 INFO  BankManagerLoginPage :31 - Clicking On Add Customer Tab :[[ChromeDriver: chrome on WINDOWS (b23d986bffacc88aead8780b86efc8a7)] -> xpath: //button[contains(text(),'Add Customer')]]
2020-04-29 18:04:16 INFO  AddCustomerPage :32 - Entering FirstName : Ronyto firstname field :[[ChromeDriver: chrome on WINDOWS (b23d986bffacc88aead8780b86efc8a7)] -> xpath: //input[@placeholder='First Name']]
2020-04-29 18:04:123 INFO  AddCustomerPage :38 - Entering LastName :Royto lastname field :[[ChromeDriver: chrome on WINDOWS (b23d986bffacc88aead8780b86efc8a7)] -> xpath: //input[@placeholder='Last Name']]
2020-04-29 18:04:321 INFO  AddCustomerPage :43 - Entering Postcode :HA2 6JTin postcode field :[[ChromeDriver: chrome on WINDOWS (b23d986bffacc88aead8780b86efc8a7)] -> xpath: //input[@placeholder='Post Code']]
2020-04-29 18:04:878 INFO  HomePage :36 - Clicking On BankManager Login :[[ChromeDriver: chrome on WINDOWS (17c74adb1a9d78b9d34646b04d714402)] -> xpath: //button[contains(text(),'Bank Manager Login')]]
2020-04-29 18:04:166 INFO  BankManagerLoginPage :42 - Clicking On Customer Tab :[[ChromeDriver: chrome on WINDOWS (17c74adb1a9d78b9d34646b04d714402)] -> xpath: //button[contains(text(),'Customers')]]
2020-04-29 18:04:116 INFO  CustomersPage :27 - Searching customer name: Rony Royto search customer field :[[ChromeDriver: chrome on WINDOWS (17c74adb1a9d78b9d34646b04d714402)] -> xpath: //input[@placeholder='Search Customer']]
2020-04-29 18:04:291 INFO  HomePage :29 - Clicking On Customer Login :Proxy element for: DefaultElementLocator 'By.xpath: //button[contains(text(),'Customer Login')]'
2020-04-29 18:04:537 INFO  CustomerLoginPage :38 - Selecting Customer Name From DropDown :Rony Royin dropdown field[[ChromeDriver: chrome on WINDOWS (ba0fe08e4389c082c7812f2e58c3a831)] -> xpath: //select[@id='userSelect']]
2020-04-29 18:04:323 INFO  HomePage :29 - Clicking On Customer Login :[[ChromeDriver: chrome on WINDOWS (ccb9afb40bc6decb0e06d55bff893e6d)] -> xpath: //button[contains(text(),'Customer Login')]]
2020-04-29 18:04:185 INFO  CustomerLoginPage :38 - Selecting Customer Name From DropDown :Rony Royin dropdown field[[ChromeDriver: chrome on WINDOWS (ccb9afb40bc6decb0e06d55bff893e6d)] -> xpath: //select[@id='userSelect']]
2020-04-29 18:04:622 INFO  HomePage :36 - Clicking On BankManager Login :Proxy element for: DefaultElementLocator 'By.xpath: //button[contains(text(),'Bank Manager Login')]'
2020-04-29 18:04:811 INFO  BankManagerLoginPage :31 - Clicking On Add Customer Tab :[[ChromeDriver: chrome on WINDOWS (a6622cedccb71acd19acc33ff98c8e63)] -> xpath: //button[contains(text(),'Add Customer')]]
2020-04-29 18:04:468 INFO  AddCustomerPage :32 - Entering FirstName : Pratikshato firstname field :[[ChromeDriver: chrome on WINDOWS (a6622cedccb71acd19acc33ff98c8e63)] -> xpath: //input[@placeholder='First Name']]
2020-04-29 18:04:655 INFO  AddCustomerPage :38 - Entering LastName :Patelto lastname field :[[ChromeDriver: chrome on WINDOWS (a6622cedccb71acd19acc33ff98c8e63)] -> xpath: //input[@placeholder='Last Name']]
2020-04-29 18:04:871 INFO  AddCustomerPage :43 - Entering Postcode :AL10 8PWin postcode field :[[ChromeDriver: chrome on WINDOWS (a6622cedccb71acd19acc33ff98c8e63)] -> xpath: //input[@placeholder='Post Code']]
2020-04-29 18:04:147 INFO  HomePage :36 - Clicking On BankManager Login :[[ChromeDriver: chrome on WINDOWS (8c1598309df623aa88c8b4872af01ef9)] -> xpath: //button[contains(text(),'Bank Manager Login')]]
2020-04-29 18:04:616 INFO  BankManagerLoginPage :42 - Clicking On Customer Tab :[[ChromeDriver: chrome on WINDOWS (8c1598309df623aa88c8b4872af01ef9)] -> xpath: //button[contains(text(),'Customers')]]
2020-04-29 18:04:661 INFO  CustomersPage :27 - Searching customer name: Pratiksha Patelto search customer field :[[ChromeDriver: chrome on WINDOWS (8c1598309df623aa88c8b4872af01ef9)] -> xpath: //input[@placeholder='Search Customer']]
2020-04-29 18:04:799 INFO  HomePage :29 - Clicking On Customer Login :[[ChromeDriver: chrome on WINDOWS (f8073fa8894f0e78b2028ce1f2645460)] -> xpath: //button[contains(text(),'Customer Login')]]
2020-04-29 18:04:457 INFO  CustomerLoginPage :38 - Selecting Customer Name From DropDown :Pratiksha Patelin dropdown field[[ChromeDriver: chrome on WINDOWS (f8073fa8894f0e78b2028ce1f2645460)] -> xpath: //select[@id='userSelect']]
2020-04-29 18:04:188 INFO  HomePage :29 - Clicking On Customer Login :[[ChromeDriver: chrome on WINDOWS (094b82161614bde295f07b4ca10a8e07)] -> xpath: //button[contains(text(),'Customer Login')]]
2020-04-29 18:04:897 INFO  CustomerLoginPage :38 - Selecting Customer Name From DropDown :Pratiksha Patelin dropdown field[[ChromeDriver: chrome on WINDOWS (094b82161614bde295f07b4ca10a8e07)] -> xpath: //select[@id='userSelect']]
